<?xml version="1.0" encoding="UTF-8" ?>
<testsuite tests="14" failures="8" name="TestSuite" time="0.407" errors="0" skipped="4">
  <properties>
    <property name="java.runtime.name" value="OpenJDK Runtime Environment"/>
    <property name="sun.boot.library.path" value="/usr/lib/jvm/java-1.8.0-openjdk-1.8.0.111-1.b15.25.amzn1.x86_64/jre/lib/amd64"/>
    <property name="java.vm.version" value="25.111-b15"/>
    <property name="java.vm.vendor" value="Oracle Corporation"/>
    <property name="java.vendor.url" value="http://java.oracle.com/"/>
    <property name="path.separator" value=":"/>
    <property name="guice.disable.misplaced.annotation.check" value="true"/>
    <property name="java.vm.name" value="OpenJDK 64-Bit Server VM"/>
    <property name="file.encoding.pkg" value="sun.io"/>
    <property name="user.country" value="US"/>
    <property name="sun.java.launcher" value="SUN_STANDARD"/>
    <property name="sun.os.patch.level" value="unknown"/>
    <property name="java.vm.specification.name" value="Java Virtual Machine Specification"/>
    <property name="user.dir" value="/home/ec2-user/bf-ui/test/selenium.maven"/>
    <property name="java.runtime.version" value="1.8.0_111-b15"/>
    <property name="java.awt.graphicsenv" value="sun.awt.X11GraphicsEnvironment"/>
    <property name="java.endorsed.dirs" value="/usr/lib/jvm/java-1.8.0-openjdk-1.8.0.111-1.b15.25.amzn1.x86_64/jre/lib/endorsed"/>
    <property name="os.arch" value="amd64"/>
    <property name="java.io.tmpdir" value="/tmp"/>
    <property name="line.separator" value="
"/>
    <property name="java.vm.specification.vendor" value="Oracle Corporation"/>
    <property name="os.name" value="Linux"/>
    <property name="classworlds.conf" value="/var/lib/jenkins/apache-maven-3.0.5/bin/m2.conf"/>
    <property name="sun.jnu.encoding" value="UTF-8"/>
    <property name="java.library.path" value="/usr/java/packages/lib/amd64:/usr/lib64:/lib64:/lib:/usr/lib"/>
    <property name="java.specification.name" value="Java Platform API Specification"/>
    <property name="java.class.version" value="52.0"/>
    <property name="sun.management.compiler" value="HotSpot 64-Bit Tiered Compilers"/>
    <property name="os.version" value="4.4.23-31.54.amzn1.x86_64"/>
    <property name="user.home" value="/home/ec2-user"/>
    <property name="user.timezone" value="EST5EDT"/>
    <property name="java.awt.printerjob" value="sun.print.PSPrinterJob"/>
    <property name="file.encoding" value="UTF-8"/>
    <property name="java.specification.version" value="1.8"/>
    <property name="user.name" value="ec2-user"/>
    <property name="java.class.path" value="/var/lib/jenkins/apache-maven-3.0.5/boot/plexus-classworlds-2.4.jar"/>
    <property name="java.vm.specification.version" value="1.8"/>
    <property name="sun.arch.data.model" value="64"/>
    <property name="java.home" value="/usr/lib/jvm/java-1.8.0-openjdk-1.8.0.111-1.b15.25.amzn1.x86_64/jre"/>
    <property name="sun.java.command" value="org.codehaus.plexus.classworlds.launcher.Launcher test"/>
    <property name="java.specification.vendor" value="Oracle Corporation"/>
    <property name="user.language" value="en"/>
    <property name="awt.toolkit" value="sun.awt.X11.XToolkit"/>
    <property name="java.vm.info" value="mixed mode"/>
    <property name="java.version" value="1.8.0_111"/>
    <property name="java.ext.dirs" value="/usr/lib/jvm/java-1.8.0-openjdk-1.8.0.111-1.b15.25.amzn1.x86_64/jre/lib/ext:/usr/java/packages/lib/ext"/>
    <property name="securerandom.source" value="file:/dev/./urandom"/>
    <property name="sun.boot.class.path" value="/usr/lib/jvm/java-1.8.0-openjdk-1.8.0.111-1.b15.25.amzn1.x86_64/jre/lib/resources.jar:/usr/lib/jvm/java-1.8.0-openjdk-1.8.0.111-1.b15.25.amzn1.x86_64/jre/lib/rt.jar:/usr/lib/jvm/java-1.8.0-openjdk-1.8.0.111-1.b15.25.amzn1.x86_64/jre/lib/sunrsasign.jar:/usr/lib/jvm/java-1.8.0-openjdk-1.8.0.111-1.b15.25.amzn1.x86_64/jre/lib/jsse.jar:/usr/lib/jvm/java-1.8.0-openjdk-1.8.0.111-1.b15.25.amzn1.x86_64/jre/lib/jce.jar:/usr/lib/jvm/java-1.8.0-openjdk-1.8.0.111-1.b15.25.amzn1.x86_64/jre/lib/charsets.jar:/usr/lib/jvm/java-1.8.0-openjdk-1.8.0.111-1.b15.25.amzn1.x86_64/jre/lib/jfr.jar:/usr/lib/jvm/java-1.8.0-openjdk-1.8.0.111-1.b15.25.amzn1.x86_64/jre/classes"/>
    <property name="java.vendor" value="Oracle Corporation"/>
    <property name="maven.home" value="/var/lib/jenkins/apache-maven-3.0.5"/>
    <property name="file.separator" value="/"/>
    <property name="java.vendor.url.bug" value="http://bugreport.sun.com/bugreport/"/>
    <property name="sun.cpu.endian" value="little"/>
    <property name="sun.io.unicode.encoding" value="UnicodeLittle"/>
    <property name="sun.cpu.isalist" value=""/>
  </properties>
  <testcase classname="EndToEnd.BFUIJobsExcnVldtnTest" name="testStep1BFLogin" time="0">
    <skipped/>
  </testcase>
  <testcase classname="EndToEnd.BFUIJobsExcnVldtnTest" name="testStep2BFUIImagerySubmit" time="0.009">
    <failure type="java.lang.NullPointerException">java.lang.NullPointerException
	at EndToEnd.BFUIJobsExcnVldtnTest.testStep2BFUIImagerySubmit(BFUIJobsExcnVldtnTest.java:194)
</failure>
    <system-out>&gt;&gt;&gt;&gt; In BFUIJobsExcnVldtn.testStep2BFUIImagerySubmit() &lt;&lt;&lt;&lt;
</system-out>
  </testcase>
  <testcase classname="EndToEnd.BFUIJobsExcnVldtnTest" name="testStep3BFSIResponsePopup" time="0.009">
    <skipped/>
  </testcase>
  <testcase classname="EndToEnd.BFUIJobsExcnVldtnTest" name="testStep4BFSIRespPropsVldtn" time="0.001">
    <failure type="java.lang.NullPointerException">java.lang.NullPointerException
	at EndToEnd.BFUIJobsExcnVldtnTest.testStep4BFSIRespPropsVldtn(BFUIJobsExcnVldtnTest.java:290)
</failure>
    <system-out>&gt;&gt;&gt;&gt; In BFUIJobsExcnVldtn.testStep4BFSIRespPropsVldtn() &lt;&lt;&lt;&lt;
</system-out>
  </testcase>
  <testcase classname="EndToEnd.BFUIJobsExcnVldtnTest" name="testStep5RespImageLink" time="0"/>
  <testcase classname="EndToEnd.BFUIJobsExcnVldtnTest" name="testStep6BFRunAlgoVldtn" time="0">
    <failure type="java.lang.NullPointerException">java.lang.NullPointerException
	at EndToEnd.BFUIJobsExcnVldtnTest.testStep6BFRunAlgoVldtn(BFUIJobsExcnVldtnTest.java:350)
</failure>
    <system-out>&gt;&gt;&gt;&gt; In BFUIJobsExcnVldtn.testStep6BFRunAlgoVldtn() &lt;&lt;&lt;&lt;
</system-out>
  </testcase>
  <testcase classname="EndToEnd.BFUIJobsExcnVldtnTest" name="testStep7JobsExcnVldtn" time="0">
    <failure type="java.lang.NullPointerException">java.lang.NullPointerException
	at EndToEnd.BFUIJobsExcnVldtnTest.testStep7JobsExcnVldtn(BFUIJobsExcnVldtnTest.java:390)
</failure>
    <system-out>&gt;&gt;&gt;&gt; In BFUIJobsExcnVldtn.testStep7JobsExcnVldtn() &lt;&lt;&lt;&lt;
</system-out>
  </testcase>
  <testcase classname="TenConcurrentUser.BFUIJobsExcnVldtnTest" name="testStep1BFLogin" time="0.001">
    <skipped/>
  </testcase>
  <testcase classname="TenConcurrentUser.BFUIJobsExcnVldtnTest" name="testStep2BFUIImagerySubmit" time="0.004">
    <failure type="java.lang.NullPointerException">java.lang.NullPointerException
	at TenConcurrentUser.BFUIJobsExcnVldtnTest.testStep2BFUIImagerySubmit(BFUIJobsExcnVldtnTest.java:183)
</failure>
    <system-out>&gt;&gt;&gt;&gt; In BFUIJobsExcnVldtn.testStep2BFUIImagerySubmit() &lt;&lt;&lt;&lt;
</system-out>
  </testcase>
  <testcase classname="TenConcurrentUser.BFUIJobsExcnVldtnTest" name="testStep3BFSIResponsePopup" time="0.004">
    <skipped/>
  </testcase>
  <testcase classname="TenConcurrentUser.BFUIJobsExcnVldtnTest" name="testStep4BFSIRespPropsVldtn" time="0.001">
    <failure type="java.lang.NullPointerException">java.lang.NullPointerException
	at TenConcurrentUser.BFUIJobsExcnVldtnTest.testStep4BFSIRespPropsVldtn(BFUIJobsExcnVldtnTest.java:273)
</failure>
    <system-out>&gt;&gt;&gt;&gt; In BFUIJobsExcnVldtn.testStep4BFSIRespPropsVldtn() &lt;&lt;&lt;&lt;
</system-out>
  </testcase>
  <testcase classname="TenConcurrentUser.BFUIJobsExcnVldtnTest" name="testStep5RespImageLink" time="0"/>
  <testcase classname="TenConcurrentUser.BFUIJobsExcnVldtnTest" name="testStep6BFRunAlgoVldtn" time="0.001">
    <failure type="java.lang.NullPointerException">java.lang.NullPointerException
	at TenConcurrentUser.BFUIJobsExcnVldtnTest.testStep6BFRunAlgoVldtn(BFUIJobsExcnVldtnTest.java:328)
</failure>
    <system-out>&gt;&gt;&gt;&gt; In BFUIJobsExcnVldtn.testStep6BFRunAlgoVldtn() &lt;&lt;&lt;&lt;
</system-out>
  </testcase>
  <testcase classname="TenConcurrentUser.BFUIJobsExcnVldtnTest" name="testStep7JobsExcnVldtn" time="0.001">
    <failure type="java.lang.NullPointerException">java.lang.NullPointerException
	at TenConcurrentUser.BFUIJobsExcnVldtnTest.testStep7JobsExcnVldtn(BFUIJobsExcnVldtnTest.java:368)
</failure>
    <system-out>&gt;&gt;&gt;&gt; In BFUIJobsExcnVldtn.testStep7JobsExcnVldtn() &lt;&lt;&lt;&lt;
</system-out>
  </testcase>
</testsuite>